<?xml version="1.0" encoding="UTF-8"?>
<!-- Generated by org.testng.reporters.JUnitReportReporter -->
<testsuite hostname="LAPTOP-CCCVEMLG" failures="0" tests="1" name="scripts.Test2" time="0.010" errors="0" timestamp="2022-09-20T12:48:49 IST" skipped="0">
  <testcase classname="scripts.Test2" name="tc3" time="0.010"/>
  <system-out>
    <![CDATA[Hello Python Selenium]]>
  </system-out>
</testsuite> <!-- scripts.Test2 -->
