<?xml version="1.0" encoding="UTF-8"?>
<!-- Generated by org.testng.reporters.JUnitReportReporter -->
<testsuite hostname="LAPTOP-CCCVEMLG" failures="0" tests="1" name="scripts.Test0" time="0.003" errors="0" timestamp="2022-09-20T12:48:49 IST" skipped="0">
  <testcase classname="scripts.Test0" name="tc1" time="0.003"/>
  <system-out>
    <![CDATA[Hello Java]]>
  </system-out>
</testsuite> <!-- scripts.Test0 -->
